# JRE version: Java(TM) SE Runtime Environment (8.0_20-b26) (build 1.8.0_20-b26)
# Java VM: Java HotSpot(TM) 64-Bit Server VM (25.20-b23 mixed mode windows-amd64 compressed oops)
Heap:
 PSYoungGen      total 71680K, used 41086K [0x00000000eb500000, 0x00000000f4100000, 0x0000000100000000)
  eden space 65536K, 62% used [0x00000000eb500000,0x00000000edd1fa60,0x00000000ef500000)
  from space 6144K, 0% used [0x00000000ef500000,0x00000000ef500000,0x00000000efb00000)
  to   space 6144K, 0% used [0x00000000f3b00000,0x00000000f3b00000,0x00000000f4100000)
 ParOldGen       total 33792K, used 6596K [0x00000000c1e00000, 0x00000000c3f00000, 0x00000000eb500000)
  object space 33792K, 19% used [0x00000000c1e00000,0x00000000c2471380,0x00000000c3f00000)
 Metaspace       used 24620K, capacity 26116K, committed 26368K, reserved 1073152K
  class space    used 3205K, capacity 3464K, committed 3584K, reserved 1048576K
GC Heap History (10 events):
Event: 1.755 GC heap before
{Heap before GC invocations=4 (full 0):
 PSYoungGen      total 18944K, used 18944K [0x00000000eb500000, 0x00000000eda00000, 0x0000000100000000)
  eden space 16384K, 100% used [0x00000000eb500000,0x00000000ec500000,0x00000000ec500000)
  from space 2560K, 100% used [0x00000000ec500000,0x00000000ec780000,0x00000000ec780000)
  to   space 2560K, 0% used [0x00000000ed780000,0x00000000ed780000,0x00000000eda00000)
 ParOldGen       total 44032K, used 5231K [0x00000000c1e00000, 0x00000000c4900000, 0x00000000eb500000)
  object space 44032K, 11% used [0x00000000c1e00000,0x00000000c231be28,0x00000000c4900000)
 Metaspace       used 16046K, capacity 16584K, committed 16768K, reserved 1064960K
  class space    used 2022K, capacity 2136K, committed 2176K, reserved 1048576K
Event: 1.763 GC heap after
Heap after GC invocations=4 (full 0):
 PSYoungGen      total 35328K, used 2549K [0x00000000eb500000, 0x00000000eda00000, 0x0000000100000000)
  eden space 32768K, 0% used [0x00000000eb500000,0x00000000eb500000,0x00000000ed500000)
  from space 2560K, 99% used [0x00000000ed780000,0x00000000ed9fd498,0x00000000eda00000)
  to   space 2560K, 0% used [0x00000000ed500000,0x00000000ed500000,0x00000000ed780000)
 ParOldGen       total 44032K, used 7995K [0x00000000c1e00000, 0x00000000c4900000, 0x00000000eb500000)
  object space 44032K, 18% used [0x00000000c1e00000,0x00000000c25cee10,0x00000000c4900000)
 Metaspace       used 16046K, capacity 16584K, committed 16768K, reserved 1064960K
  class space    used 2022K, capacity 2136K, committed 2176K, reserved 1048576K
}
Event: 2.029 GC heap before
{Heap before GC invocations=5 (full 0):
 PSYoungGen      total 35328K, used 35297K [0x00000000eb500000, 0x00000000eda00000, 0x0000000100000000)
  eden space 32768K, 99% used [0x00000000eb500000,0x00000000ed4fb250,0x00000000ed500000)
  from space 2560K, 99% used [0x00000000ed780000,0x00000000ed9fd498,0x00000000eda00000)
  to   space 2560K, 0% used [0x00000000ed500000,0x00000000ed500000,0x00000000ed780000)
 ParOldGen       total 44032K, used 7995K [0x00000000c1e00000, 0x00000000c4900000, 0x00000000eb500000)
  object space 44032K, 18% used [0x00000000c1e00000,0x00000000c25cee10,0x00000000c4900000)
 Metaspace       used 17753K, capacity 18404K, committed 18560K, reserved 1064960K
  class space    used 2248K, capacity 2390K, committed 2432K, reserved 1048576K
Event: 2.036 GC heap after
Heap after GC invocations=5 (full 0):
 PSYoungGen      total 35328K, used 2546K [0x00000000eb500000, 0x00000000f0100000, 0x0000000100000000)
  eden space 32768K, 0% used [0x00000000eb500000,0x00000000eb500000,0x00000000ed500000)
  from space 2560K, 99% used [0x00000000ed500000,0x00000000ed77ca70,0x00000000ed780000)
  to   space 6144K, 0% used [0x00000000efb00000,0x00000000efb00000,0x00000000f0100000)
 ParOldGen       total 44032K, used 9933K [0x00000000c1e00000, 0x00000000c4900000, 0x00000000eb500000)
  object space 44032K, 22% used [0x00000000c1e00000,0x00000000c27b3600,0x00000000c4900000)
 Metaspace       used 17753K, capacity 18404K, committed 18560K, reserved 1064960K
  class space    used 2248K, capacity 2390K, committed 2432K, reserved 1048576K
}
Event: 2.368 GC heap before
{Heap before GC invocations=6 (full 0):
 PSYoungGen      total 35328K, used 35314K [0x00000000eb500000, 0x00000000f0100000, 0x0000000100000000)
  eden space 32768K, 100% used [0x00000000eb500000,0x00000000ed500000,0x00000000ed500000)
  from space 2560K, 99% used [0x00000000ed500000,0x00000000ed77ca70,0x00000000ed780000)
  to   space 6144K, 0% used [0x00000000efb00000,0x00000000efb00000,0x00000000f0100000)
 ParOldGen       total 44032K, used 9933K [0x00000000c1e00000, 0x00000000c4900000, 0x00000000eb500000)
  object space 44032K, 22% used [0x00000000c1e00000,0x00000000c27b3600,0x00000000c4900000)
 Metaspace       used 18990K, capacity 19684K, committed 19840K, reserved 1067008K
  class space    used 2392K, capacity 2568K, committed 2688K, reserved 1048576K
Event: 2.375 GC heap after
Heap after GC invocations=6 (full 0):
 PSYoungGen      total 71680K, used 4921K [0x00000000eb500000, 0x00000000f0100000, 0x0000000100000000)
  eden space 65536K, 0% used [0x00000000eb500000,0x00000000eb500000,0x00000000ef500000)
  from space 6144K, 80% used [0x00000000efb00000,0x00000000effce728,0x00000000f0100000)
  to   space 6144K, 0% used [0x00000000ef500000,0x00000000ef500000,0x00000000efb00000)
 ParOldGen       total 44032K, used 9941K [0x00000000c1e00000, 0x00000000c4900000, 0x00000000eb500000)
  object space 44032K, 22% used [0x00000000c1e00000,0x00000000c27b5600,0x00000000c4900000)
 Metaspace       used 18990K, capacity 19684K, committed 19840K, reserved 1067008K
  class space    used 2392K, capacity 2568K, committed 2688K, reserved 1048576K
}
Event: 2.698 GC heap before
{Heap before GC invocations=7 (full 0):
 PSYoungGen      total 71680K, used 24574K [0x00000000eb500000, 0x00000000f0100000, 0x0000000100000000)
  eden space 65536K, 29% used [0x00000000eb500000,0x00000000ec831370,0x00000000ef500000)
  from space 6144K, 80% used [0x00000000efb00000,0x00000000effce728,0x00000000f0100000)
  to   space 6144K, 0% used [0x00000000ef500000,0x00000000ef500000,0x00000000efb00000)
 ParOldGen       total 44032K, used 9941K [0x00000000c1e00000, 0x00000000c4900000, 0x00000000eb500000)
  object space 44032K, 22% used [0x00000000c1e00000,0x00000000c27b5600,0x00000000c4900000)
 Metaspace       used 20330K, capacity 21122K, committed 21248K, reserved 1067008K
  class space    used 2560K, capacity 2731K, committed 2816K, reserved 1048576K
Event: 2.709 GC heap after
Heap after GC invocations=7 (full 0):
 PSYoungGen      total 71680K, used 4643K [0x00000000eb500000, 0x00000000f4100000, 0x0000000100000000)
  eden space 65536K, 0% used [0x00000000eb500000,0x00000000eb500000,0x00000000ef500000)
  from space 6144K, 75% used [0x00000000ef500000,0x00000000ef988dc0,0x00000000efb00000)
  to   space 6144K, 0% used [0x00000000f3b00000,0x00000000f3b00000,0x00000000f4100000)
 ParOldGen       total 44032K, used 11217K [0x00000000c1e00000, 0x00000000c4900000, 0x00000000eb500000)
  object space 44032K, 25% used [0x00000000c1e00000,0x00000000c28f4588,0x00000000c4900000)
 Metaspace       used 20330K, capacity 21122K, committed 21248K, reserved 1067008K
  class space    used 2560K, capacity 2731K, committed 2816K, reserved 1048576K
}
Event: 2.710 GC heap before
{Heap before GC invocations=8 (full 1):
 PSYoungGen      total 71680K, used 4643K [0x00000000eb500000, 0x00000000f4100000, 0x0000000100000000)
  eden space 65536K, 0% used [0x00000000eb500000,0x00000000eb500000,0x00000000ef500000)
  from space 6144K, 75% used [0x00000000ef500000,0x00000000ef988dc0,0x00000000efb00000)
  to   space 6144K, 0% used [0x00000000f3b00000,0x00000000f3b00000,0x00000000f4100000)
 ParOldGen       total 44032K, used 11217K [0x00000000c1e00000, 0x00000000c4900000, 0x00000000eb500000)
  object space 44032K, 25% used [0x00000000c1e00000,0x00000000c28f4588,0x00000000c4900000)
 Metaspace       used 20330K, capacity 21122K, committed 21248K, reserved 1067008K
  class space    used 2560K, capacity 2731K, committed 2816K, reserved 1048576K
Event: 2.763 GC heap after
Heap after GC invocations=8 (full 1):
 PSYoungGen      total 71680K, used 0K [0x00000000eb500000, 0x00000000f4100000, 0x0000000100000000)
  eden space 65536K, 0% used [0x00000000eb500000,0x00000000eb500000,0x00000000ef500000)
  from space 6144K, 0% used [0x00000000ef500000,0x00000000ef500000,0x00000000efb00000)
  to   space 6144K, 0% used [0x00000000f3b00000,0x00000000f3b00000,0x00000000f4100000)
 ParOldGen       total 33792K, used 6596K [0x00000000c1e00000, 0x00000000c3f00000, 0x00000000eb500000)
  object space 33792K, 19% used [0x00000000c1e00000,0x00000000c2471380,0x00000000c3f00000)
 Metaspace       used 20329K, capacity 21120K, committed 21248K, reserved 1067008K
  class space    used 2560K, capacity 2730K, committed 2816K, reserved 1048576K
}

